生成启动时间为 2019/7/2 18:37:00。
     1>项目“H:\达达的知识库\1.EE\9  项目\CODE\MFC\SSCOM\SSCOM\SSCOM.vcxproj”在节点 2 上(Build 个目标)。
     1>ClCompile:
         F:\BigSoftware\VS2013\VC\bin\CL.exe /c /Zi /nologo /W3 /WX- /sdl /O2 /Oi /Oy- /GL /D WIN32 /D _WINDOWS /D NDEBUG /D _UNICODE /D UNICODE /D _AFXDLL /Gm- /EHsc /MD /GS /Gy /fp:precise /Zc:wchar_t /Zc:forScope /Yc"stdafx.h" /Fp"Release\SSCOM.pch" /Fo"Release\\" /Fd"Release\vc120.pdb" /Gd /TP /analyze- /errorReport:prompt stdafx.cpp
         stdafx.cpp
         F:\BigSoftware\VS2013\VC\bin\CL.exe /c /Zi /nologo /W3 /WX- /sdl /O2 /Oi /Oy- /GL /D WIN32 /D _WINDOWS /D NDEBUG /D _UNICODE /D UNICODE /D _AFXDLL /Gm- /EHsc /MD /GS /Gy /fp:precise /Zc:wchar_t /Zc:forScope /Yu"stdafx.h" /Fp"Release\SSCOM.pch" /Fo"Release\\" /Fd"Release\vc120.pdb" /Gd /TP /analyze- /errorReport:prompt mscomm1.cpp SSCOM.cpp SSCOMDlg.cpp
         mscomm1.cpp
         SSCOM.cpp
         SSCOMDlg.cpp
     1>SSCOMDlg.cpp(367): warning C4018: “<”: 有符号/无符号不匹配
     1>SSCOMDlg.cpp(369): warning C4244: “=”: 从“wchar_t”转换到“char”，可能丢失数据
     1>SSCOMDlg.cpp(370): warning C4244: “=”: 从“wchar_t”转换到“char”，可能丢失数据
     1>SSCOMDlg.cpp(372): warning C4244: “=”: 从“unsigned long”转换到“BYTE”，可能丢失数据
       ResourceCompile:
         C:\Program Files (x86)\Windows Kits\8.1\bin\x86\rc.exe /D NDEBUG /D _UNICODE /D UNICODE /D _AFXDLL /l"0x0804" /IRelease\ /nologo /fo"Release\SSCOM.res" SSCOM.rc 
       Link:
         F:\BigSoftware\VS2013\VC\bin\link.exe /ERRORREPORT:PROMPT /OUT:"H:\达达的知识库\1.EE\9  项目\CODE\MFC\SSCOM\Release\SSCOM.exe" /INCREMENTAL:NO /NOLOGO /MANIFEST /MANIFESTUAC:"level='asInvoker' uiAccess='false'" /manifest:embed /manifestinput:F:\BigSoftware\VS2013\VC\Include\Manifest\dpiaware.manifest /DEBUG /PDB:"H:\达达的知识库\1.EE\9  项目\CODE\MFC\SSCOM\Release\SSCOM.pdb" /SUBSYSTEM:WINDOWS /OPT:REF /OPT:ICF /LTCG /TLBID:1 /ENTRY:"wWinMainCRTStartup" /DYNAMICBASE /NXCOMPAT /IMPLIB:"H:\达达的知识库\1.EE\9  项目\CODE\MFC\SSCOM\Release\SSCOM.lib" /MACHINE:X86 /SAFESEH Release\SSCOM.res
         Release\mscomm1.obj
         Release\SSCOM.obj
         Release\SSCOMDlg.obj
         Release\stdafx.obj
         正在生成代码
         已完成代码的生成
         SSCOM.vcxproj -> H:\达达的知识库\1.EE\9  项目\CODE\MFC\SSCOM\Release\SSCOM.exe
     1>已完成生成项目“H:\达达的知识库\1.EE\9  项目\CODE\MFC\SSCOM\SSCOM\SSCOM.vcxproj”(Build 个目标)的操作。

生成成功。

已用时间 00:00:11.84
